Resolving dependencies...
Downloading packages...
  android_alarm_manager_plus 4.0.8 (5.0.0 available)
  async 2.11.0 (2.13.0 available)
  boolean_selector 2.1.1 (2.1.2 available)
  characters 1.4.0 (1.4.1 available)
  ffi 2.1.3 (2.1.5 available)
  flutter_lints 4.0.0 (6.0.0 available)
  flutter_secure_storage 9.2.4 (10.0.0 available)
  flutter_secure_storage_linux 1.2.3 (3.0.0 available)
  flutter_secure_storage_macos 3.1.3 (4.0.0 available)
  flutter_secure_storage_platform_interface 1.1.2 (2.0.1 available)
  flutter_secure_storage_web 1.2.1 (2.1.0 available)
  flutter_secure_storage_windows 3.1.2 (4.1.0 available)
  http_parser 4.0.2 (4.1.2 available)
  js 0.6.7 (0.7.2 available)
  lints 4.0.0 (6.0.0 available)
  matcher 0.12.17 (0.12.18 available)
  material_color_utilities 0.11.1 (0.13.0 available)
  path_provider_android 2.2.15 (2.2.22 available)
  path_provider_foundation 2.4.1 (2.5.1 available)
  permission_handler 11.4.0 (12.0.1 available)
  permission_handler_android 12.1.0 (13.0.1 available)
  protobuf 2.1.0 (6.0.0 available)
  shared_preferences 2.5.3 (2.5.4 available)
  shared_preferences_android 2.4.7 (2.4.18 available)
  shared_preferences_foundation 2.5.4 (2.5.6 available)
  source_span 1.10.0 (1.10.1 available)
  string_scanner 1.2.0 (1.4.1 available)
  term_glyph 1.2.1 (1.2.2 available)
  test_api 0.7.7 (0.7.9 available)
  vm_service 14.2.5 (15.0.2 available)
  win32 5.10.1 (5.15.0 available)
Got dependencies!
31 packages have newer versions incompatible with dependency constraints.
Try `flutter pub outdated` for more information.
Running Gradle task 'assembleRelease'...                        
lib/main.dart:1921:40: Error: Expected an identifier, but got '..'.
Try inserting an identifier before '..'.
                      if (hasDeviceId) ..[
                                       ^^
lib/main.dart:1928:26: Error: Expected ']' before this.
                        ),
                         ^
lib/main.dart:1946:30: Error: Expected an identifier, but got '..'.
Try inserting an identifier before '..'.
                      ] else ..[
                             ^^
lib/main.dart:1953:26: Error: Expected ']' before this.
                        ),
                         ^
Target kernel_snapshot_program failed: Exception


FAILURE: Build failed with an exception.

* What went wrong:
Execution failed for task ':app:compileFlutterBuildRelease'.
> Process 'command '/tmp/flutter-sdk/bin/flutter'' finished with non-zero exit value 1

* Try:
> Run with --stacktrace option to get the stack trace.
> Run with --info or --debug option to get more log output.
> Run with --scan to get full insights.
> Get more help at https://help.gradle.org.

BUILD FAILED in 17s
Running Gradle task 'assembleRelease'...                           18.2s
Gradle task assembleRelease failed with exit code 1
